project2_Solution_color_SKELETON/build/intermediates/manifest_merge_blame_file/debug/manifest-merger-blame-debug-report.txt
1<?xml version="1.0" encoding="utf-8"?>
2<manifest xmlns:android="http://schemas.android.com/apk/res/android"
3    package="com.example.solution_color"
4    android:versionCode="1"
5    android:versionName="1.0" >
6
7    <uses-sdk
8        android:minSdkVersion="23"
8-->src\main\AndroidManifest.xml
9        android:targetSdkVersion="29" />
9-->src\main\AndroidManifest.xml
10
11    <uses-permission android:name="android.permission.CAMERA" />
11-->src\main\AndroidManifest.xml:4:5-81
11-->src\main\AndroidManifest.xml:4:22-62
12    <uses-permission android:name="android.permission.WRITE_EXTERNAL_STORAGE" />
12-->src\main\AndroidManifest.xml:5:5-97
12-->src\main\AndroidManifest.xml:5:22-78
13    <uses-permission android:name="android.permission.READ_EXTERNAL_STORAGE" />
13-->src\main\AndroidManifest.xml:6:5-96
13-->src\main\AndroidManifest.xml:6:22-77
14
15    <!-- <uses-feature android:name="android.hardware.Camera" -->
16    <!-- android:required="true" /> -->
17    <application
17-->src\main\AndroidManifest.xml:11:3-45:19
18        android:allowBackup="true"
18-->src\main\AndroidManifest.xml:12:9-35
19        android:appComponentFactory="androidx.core.app.CoreComponentFactory"
19-->[androidx.core:core:1.1.0] AndroidManifest.xml:24:18-86
20        android:debuggable="true"
21        android:extractNativeLibs="false"
22        android:icon="@drawable/camera"
22-->src\main\AndroidManifest.xml:14:9-40
23        android:label="@string/app_name"
23-->src\main\AndroidManifest.xml:15:9-41
24        android:screenOrientation="portrait"
24-->src\main\AndroidManifest.xml:13:9-47
25        android:testOnly="true"
26        android:theme="@style/AppTheme" >
26-->src\main\AndroidManifest.xml:16:9-40
27
28        <!-- see https://developer.android.com/reference/androidx/core/content/FileProvider -->
29        <provider
29-->src\main\AndroidManifest.xml:18:9-26:20
30            android:name="androidx.core.content.FileProvider"
30-->src\main\AndroidManifest.xml:19:13-62
31            android:authorities="com.example.solution_color.fileprovider"
31-->src\main\AndroidManifest.xml:20:13-74
32            android:exported="false"
32-->src\main\AndroidManifest.xml:21:13-37
33            android:grantUriPermissions="true" >
33-->src\main\AndroidManifest.xml:22:13-47
34            <meta-data
34-->src\main\AndroidManifest.xml:23:13-25:54
35                android:name="android.support.FILE_PROVIDER_PATHS"
35-->src\main\AndroidManifest.xml:24:17-67
36                android:resource="@xml/file_paths" />
36-->src\main\AndroidManifest.xml:25:17-51
37        </provider>
38
39        <activity android:name="com.example.solution_color.SettingsActivity" />
39-->src\main\AndroidManifest.xml:28:9-54
39-->src\main\AndroidManifest.xml:28:19-51
40        <activity
40-->src\main\AndroidManifest.xml:29:9-44:20
41            android:name="com.example.solution_color.MainActivity"
41-->src\main\AndroidManifest.xml:30:13-41
42            android:configChanges="keyboardHidden|orientation"
42-->src\main\AndroidManifest.xml:31:13-63
43            android:label="@string/app_name"
43-->src\main\AndroidManifest.xml:32:13-45
44            android:screenOrientation="portrait"
44-->src\main\AndroidManifest.xml:33:13-49
45            android:theme="@style/AppTheme.NoActionBar" >
45-->src\main\AndroidManifest.xml:34:13-56
46
47            <!--
48                   android:screenOrientation="portrait" ensures that the app is always in portrait even when phone rotated
49      	 		consider what this means for phones with a slide out keyboard, they rotate the phone slide out the keyboard and
50      	 		discover, to their horror, that the app does not rotate.  So please dont ever do this in another app
51            -->
52            <intent-filter>
52-->src\main\AndroidManifest.xml:40:13-43:29
53                <action android:name="android.intent.action.MAIN" />
53-->src\main\AndroidManifest.xml:41:17-69
53-->src\main\AndroidManifest.xml:41:25-66
54
55                <category android:name="android.intent.category.LAUNCHER" />
55-->src\main\AndroidManifest.xml:42:17-77
55-->src\main\AndroidManifest.xml:42:27-74
56            </intent-filter>
57        </activity>
58    </application>
59
60</manifest>